<?xml version="1.0" encoding="UTF-8"?>
<!-- Generated by org.testng.reporters.JUnitReportReporter -->
<testsuite hostname="Sarvgun15" failures="0" tests="27" name="com.LFV.MasterClass" time="0.026" errors="0" timestamp="2024-07-17T12:11:58 MDT" skipped="27">
  <testcase classname="com.LFV.MasterClass" name="myLFVTest" time="0.000">
    <skipped/>
  </testcase> <!-- myLFVTest -->
  <testcase classname="com.LFV.MasterClass" name="myLFVTest" time="0.000">
    <skipped/>
  </testcase> <!-- myLFVTest -->
  <testcase classname="com.LFV.MasterClass" name="myLFVTest" time="0.001">
    <skipped/>
  </testcase> <!-- myLFVTest -->
  <testcase classname="com.LFV.MasterClass" name="myLFVTest" time="0.000">
    <skipped/>
  </testcase> <!-- myLFVTest -->
  <testcase classname="com.LFV.MasterClass" name="myLFVTest" time="0.001">
    <skipped/>
  </testcase> <!-- myLFVTest -->
  <testcase classname="com.LFV.MasterClass" name="myLFVTest" time="0.000">
    <skipped/>
  </testcase> <!-- myLFVTest -->
  <testcase classname="com.LFV.MasterClass" name="myLFVTest" time="0.000">
    <skipped/>
  </testcase> <!-- myLFVTest -->
  <testcase classname="com.LFV.MasterClass" name="myLFVTest" time="0.000">
    <skipped/>
  </testcase> <!-- myLFVTest -->
  <testcase classname="com.LFV.MasterClass" name="myLFVTest" time="0.005">
    <skipped/>
  </testcase> <!-- myLFVTest -->
  <testcase classname="com.LFV.MasterClass" name="myLFVTest" time="0.001">
    <skipped/>
  </testcase> <!-- myLFVTest -->
  <testcase classname="com.LFV.MasterClass" name="myLFVTest" time="0.000">
    <skipped/>
  </testcase> <!-- myLFVTest -->
  <testcase classname="com.LFV.MasterClass" name="myLFVTest" time="0.001">
    <skipped/>
  </testcase> <!-- myLFVTest -->
  <testcase classname="com.LFV.MasterClass" name="myLFVTest" time="0.001">
    <skipped/>
  </testcase> <!-- myLFVTest -->
  <testcase classname="com.LFV.MasterClass" name="myLFVTest" time="0.001">
    <skipped/>
  </testcase> <!-- myLFVTest -->
  <testcase classname="com.LFV.MasterClass" name="myLFVTest" time="0.000">
    <skipped/>
  </testcase> <!-- myLFVTest -->
  <testcase classname="com.LFV.MasterClass" name="myLFVTest" time="0.000">
    <skipped/>
  </testcase> <!-- myLFVTest -->
  <testcase classname="com.LFV.MasterClass" name="myLFVTest" time="0.001">
    <skipped/>
  </testcase> <!-- myLFVTest -->
  <testcase classname="com.LFV.MasterClass" name="myLFVTest" time="0.000">
    <skipped/>
  </testcase> <!-- myLFVTest -->
  <testcase classname="com.LFV.MasterClass" name="myLFVTest" time="0.000">
    <skipped/>
  </testcase> <!-- myLFVTest -->
  <testcase classname="com.LFV.MasterClass" name="myLFVTest" time="0.000">
    <skipped/>
  </testcase> <!-- myLFVTest -->
  <testcase classname="com.LFV.MasterClass" name="myLFVTest" time="0.001">
    <skipped/>
  </testcase> <!-- myLFVTest -->
  <testcase classname="com.LFV.MasterClass" name="myLFVTest" time="0.011">
    <skipped/>
  </testcase> <!-- myLFVTest -->
  <testcase classname="com.LFV.MasterClass" name="myLFVTest" time="0.000">
    <skipped/>
  </testcase> <!-- myLFVTest -->
  <testcase classname="com.LFV.MasterClass" name="myLFVTest" time="0.000">
    <skipped/>
  </testcase> <!-- myLFVTest -->
  <testcase classname="com.LFV.MasterClass" name="myLFVTest" time="0.001">
    <skipped/>
  </testcase> <!-- myLFVTest -->
  <testcase classname="com.LFV.MasterClass" name="myLFVTest" time="0.001">
    <skipped/>
  </testcase> <!-- myLFVTest -->
  <testcase classname="com.LFV.MasterClass" name="myLFVTest" time="0.000">
    <skipped/>
  </testcase> <!-- myLFVTest -->
</testsuite> <!-- com.LFV.MasterClass -->
